running egg_info
writing ../../build/paquete_turtle/paquete_turtle.egg-info/PKG-INFO
writing dependency_links to ../../build/paquete_turtle/paquete_turtle.egg-info/dependency_links.txt
writing entry points to ../../build/paquete_turtle/paquete_turtle.egg-info/entry_points.txt
writing requirements to ../../build/paquete_turtle/paquete_turtle.egg-info/requires.txt
writing top-level names to ../../build/paquete_turtle/paquete_turtle.egg-info/top_level.txt
reading manifest file '../../build/paquete_turtle/paquete_turtle.egg-info/SOURCES.txt'
writing manifest file '../../build/paquete_turtle/paquete_turtle.egg-info/SOURCES.txt'
running build
running build_py
running install
running install_lib
running install_data
running install_egg_info
removing '/home/mario/GrupoRobotica/Practica1/install/paquete_turtle/lib/python3.10/site-packages/paquete_turtle-0.0.0-py3.10.egg-info' (and everything under it)
Copying ../../build/paquete_turtle/paquete_turtle.egg-info to /home/mario/GrupoRobotica/Practica1/install/paquete_turtle/lib/python3.10/site-packages/paquete_turtle-0.0.0-py3.10.egg-info
running install_scripts
Installing dibujar script to /home/mario/GrupoRobotica/Practica1/install/paquete_turtle/lib/paquete_turtle
Installing fondo script to /home/mario/GrupoRobotica/Practica1/install/paquete_turtle/lib/paquete_turtle
Installing fondo_dinamico script to /home/mario/GrupoRobotica/Practica1/install/paquete_turtle/lib/paquete_turtle
Installing movimiento script to /home/mario/GrupoRobotica/Practica1/install/paquete_turtle/lib/paquete_turtle
writing list of installed files to '/home/mario/GrupoRobotica/Practica1/build/paquete_turtle/install.log'
