[0.391s] DEBUG:colcon:Command line arguments: ['/usr/bin/colcon', 'build']
[0.392s] DEBUG:colcon:Parsed command line arguments: Namespace(log_base=None, log_level=None, verb_name='build', build_base='build', install_base='install', merge_install=False, symlink_install=False, test_result_base=None, continue_on_error=False, executor='parallel', parallel_workers=4, event_handlers=None, ignore_user_meta=False, metas=['./colcon.meta'], base_paths=['.'], packages_ignore=None, packages_ignore_regex=None, paths=None, packages_up_to=None, packages_up_to_regex=None, packages_above=None, packages_above_and_dependencies=None, packages_above_depth=None, packages_select_by_dep=None, packages_skip_by_dep=None, packages_skip_up_to=None, packages_select_build_failed=False, packages_skip_build_finished=False, packages_select_test_failures=False, packages_skip_test_passed=False, packages_select=None, packages_skip=None, packages_select_regex=None, packages_skip_regex=None, packages_start=None, packages_end=None, allow_overriding=[], cmake_args=None, cmake_target=None, cmake_target_skip_unavailable=False, cmake_clean_cache=False, cmake_clean_first=False, cmake_force_configure=False, ament_cmake_args=None, catkin_cmake_args=None, catkin_skip_building_tests=False, verb_parser=<colcon_defaults.argument_parser.defaults.DefaultArgumentsDecorator object at 0x7fbc62ba5ae0>, verb_extension=<colcon_core.verb.build.BuildVerb object at 0x7fbc6353a3b0>, main=<bound method BuildVerb.main of <colcon_core.verb.build.BuildVerb object at 0x7fbc6353a3b0>>)
[0.421s] Level 1:colcon.colcon_core.package_discovery:discover_packages(colcon_meta) check parameters
[0.422s] Level 1:colcon.colcon_core.package_discovery:discover_packages(recursive) check parameters
[0.422s] Level 1:colcon.colcon_core.package_discovery:discover_packages(ignore) check parameters
[0.422s] Level 1:colcon.colcon_core.package_discovery:discover_packages(path) check parameters
[0.422s] Level 1:colcon.colcon_core.package_discovery:discover_packages(colcon_meta) discover
[0.422s] Level 1:colcon.colcon_core.package_discovery:discover_packages(recursive) discover
[0.423s] INFO:colcon.colcon_core.package_discovery:Crawling recursively for packages in '/home/mario/GrupoRobotica/Practica1'
[0.423s] Level 1:colcon.colcon_core.package_identification:_identify(.) by extensions ['ignore', 'ignore_ament_install']
[0.423s] Level 1:colcon.colcon_core.package_identification:_identify(.) by extension 'ignore'
[0.424s] Level 1:colcon.colcon_core.package_identification:_identify(.) by extension 'ignore_ament_install'
[0.424s] Level 1:colcon.colcon_core.package_identification:_identify(.) by extensions ['colcon_pkg']
[0.424s] Level 1:colcon.colcon_core.package_identification:_identify(.) by extension 'colcon_pkg'
[0.424s] Level 1:colcon.colcon_core.package_identification:_identify(.) by extensions ['colcon_meta']
[0.425s] Level 1:colcon.colcon_core.package_identification:_identify(.) by extension 'colcon_meta'
[0.425s] Level 1:colcon.colcon_core.package_identification:_identify(.) by extensions ['ros']
[0.425s] Level 1:colcon.colcon_core.package_identification:_identify(.) by extension 'ros'
[0.454s] Level 1:colcon.colcon_core.package_identification:_identify(.) by extensions ['cmake', 'python']
[0.454s] Level 1:colcon.colcon_core.package_identification:_identify(.) by extension 'cmake'
[0.455s] Level 1:colcon.colcon_core.package_identification:_identify(.) by extension 'python'
[0.455s] Level 1:colcon.colcon_core.package_identification:_identify(.) by extensions ['python_setup_py']
[0.455s] Level 1:colcon.colcon_core.package_identification:_identify(.) by extension 'python_setup_py'
[0.456s] Level 1:colcon.colcon_core.package_identification:_identify(build) by extensions ['ignore', 'ignore_ament_install']
[0.456s] Level 1:colcon.colcon_core.package_identification:_identify(build) by extension 'ignore'
[0.456s] Level 1:colcon.colcon_core.package_identification:_identify(build) ignored
[0.457s] Level 1:colcon.colcon_core.package_identification:_identify(install) by extensions ['ignore', 'ignore_ament_install']
[0.457s] Level 1:colcon.colcon_core.package_identification:_identify(install) by extension 'ignore'
[0.457s] Level 1:colcon.colcon_core.package_identification:_identify(install) ignored
[0.457s] Level 1:colcon.colcon_core.package_identification:_identify(log) by extensions ['ignore', 'ignore_ament_install']
[0.458s] Level 1:colcon.colcon_core.package_identification:_identify(log) by extension 'ignore'
[0.458s] Level 1:colcon.colcon_core.package_identification:_identify(log) ignored
[0.458s] Level 1:colcon.colcon_core.package_identification:_identify(src) by extensions ['ignore', 'ignore_ament_install']
[0.459s] Level 1:colcon.colcon_core.package_identification:_identify(src) by extension 'ignore'
[0.459s] Level 1:colcon.colcon_core.package_identification:_identify(src) by extension 'ignore_ament_install'
[0.459s] Level 1:colcon.colcon_core.package_identification:_identify(src) by extensions ['colcon_pkg']
[0.459s] Level 1:colcon.colcon_core.package_identification:_identify(src) by extension 'colcon_pkg'
[0.460s] Level 1:colcon.colcon_core.package_identification:_identify(src) by extensions ['colcon_meta']
[0.460s] Level 1:colcon.colcon_core.package_identification:_identify(src) by extension 'colcon_meta'
[0.460s] Level 1:colcon.colcon_core.package_identification:_identify(src) by extensions ['ros']
[0.461s] Level 1:colcon.colcon_core.package_identification:_identify(src) by extension 'ros'
[0.461s] Level 1:colcon.colcon_core.package_identification:_identify(src) by extensions ['cmake', 'python']
[0.461s] Level 1:colcon.colcon_core.package_identification:_identify(src) by extension 'cmake'
[0.461s] Level 1:colcon.colcon_core.package_identification:_identify(src) by extension 'python'
[0.462s] Level 1:colcon.colcon_core.package_identification:_identify(src) by extensions ['python_setup_py']
[0.462s] Level 1:colcon.colcon_core.package_identification:_identify(src) by extension 'python_setup_py'
[0.462s] Level 1:colcon.colcon_core.package_identification:_identify(src/paquete_turtle) by extensions ['ignore', 'ignore_ament_install']
[0.463s] Level 1:colcon.colcon_core.package_identification:_identify(src/paquete_turtle) by extension 'ignore'
[0.463s] Level 1:colcon.colcon_core.package_identification:_identify(src/paquete_turtle) by extension 'ignore_ament_install'
[0.463s] Level 1:colcon.colcon_core.package_identification:_identify(src/paquete_turtle) by extensions ['colcon_pkg']
[0.463s] Level 1:colcon.colcon_core.package_identification:_identify(src/paquete_turtle) by extension 'colcon_pkg'
[0.463s] Level 1:colcon.colcon_core.package_identification:_identify(src/paquete_turtle) by extensions ['colcon_meta']
[0.463s] Level 1:colcon.colcon_core.package_identification:_identify(src/paquete_turtle) by extension 'colcon_meta'
[0.464s] Level 1:colcon.colcon_core.package_identification:_identify(src/paquete_turtle) by extensions ['ros']
[0.465s] Level 1:colcon.colcon_core.package_identification:_identify(src/paquete_turtle) by extension 'ros'
[0.469s] DEBUG:colcon.colcon_core.package_identification:Package 'src/paquete_turtle' with type 'ros.ament_python' and name 'paquete_turtle'
[0.470s] Level 1:colcon.colcon_core.package_discovery:discover_packages(recursive) using defaults
[0.470s] Level 1:colcon.colcon_core.package_discovery:discover_packages(ignore) discover
[0.470s] Level 1:colcon.colcon_core.package_discovery:discover_packages(ignore) using defaults
[0.470s] Level 1:colcon.colcon_core.package_discovery:discover_packages(path) discover
[0.470s] Level 1:colcon.colcon_core.package_discovery:discover_packages(path) using defaults
[0.509s] Level 1:colcon.colcon_core.package_discovery:discover_packages(prefix_path) check parameters
[0.509s] Level 1:colcon.colcon_core.package_discovery:discover_packages(prefix_path) discover
[0.513s] DEBUG:colcon.colcon_installed_package_information.package_discovery:Found 1 installed packages in /home/mario/GrupoRobotica/Practica1/install
[0.514s] DEBUG:colcon.colcon_installed_package_information.package_discovery:Found 1 installed packages in /home/mario/prueba_ros/install
[0.516s] DEBUG:colcon.colcon_installed_package_information.package_discovery:Found 1 installed packages in /home/mario/p_turtle/install
[0.518s] DEBUG:colcon.colcon_installed_package_information.package_discovery:Found 1 installed packages in /home/mario/practica_turtle/install
[0.519s] DEBUG:colcon.colcon_installed_package_information.package_discovery:Found 0 installed packages in /home/mario/ros_ws/install
[0.521s] DEBUG:colcon.colcon_installed_package_information.package_discovery:Found 270 installed packages in /opt/ros/humble
[0.524s] Level 1:colcon.colcon_core.package_discovery:discover_packages(prefix_path) using defaults
[0.618s] Level 5:colcon.colcon_core.verb:set package 'paquete_turtle' build argument 'cmake_args' from command line to 'None'
[0.620s] Level 5:colcon.colcon_core.verb:set package 'paquete_turtle' build argument 'cmake_target' from command line to 'None'
[0.620s] Level 5:colcon.colcon_core.verb:set package 'paquete_turtle' build argument 'cmake_target_skip_unavailable' from command line to 'False'
[0.621s] Level 5:colcon.colcon_core.verb:set package 'paquete_turtle' build argument 'cmake_clean_cache' from command line to 'False'
[0.621s] Level 5:colcon.colcon_core.verb:set package 'paquete_turtle' build argument 'cmake_clean_first' from command line to 'False'
[0.622s] Level 5:colcon.colcon_core.verb:set package 'paquete_turtle' build argument 'cmake_force_configure' from command line to 'False'
[0.622s] Level 5:colcon.colcon_core.verb:set package 'paquete_turtle' build argument 'ament_cmake_args' from command line to 'None'
[0.622s] Level 5:colcon.colcon_core.verb:set package 'paquete_turtle' build argument 'catkin_cmake_args' from command line to 'None'
[0.622s] Level 5:colcon.colcon_core.verb:set package 'paquete_turtle' build argument 'catkin_skip_building_tests' from command line to 'False'
[0.623s] DEBUG:colcon.colcon_core.verb:Building package 'paquete_turtle' with the following arguments: {'ament_cmake_args': None, 'build_base': '/home/mario/GrupoRobotica/Practica1/build/paquete_turtle', 'catkin_cmake_args': None, 'catkin_skip_building_tests': False, 'cmake_args': None, 'cmake_clean_cache': False, 'cmake_clean_first': False, 'cmake_force_configure': False, 'cmake_target': None, 'cmake_target_skip_unavailable': False, 'install_base': '/home/mario/GrupoRobotica/Practica1/install/paquete_turtle', 'merge_install': False, 'path': '/home/mario/GrupoRobotica/Practica1/src/paquete_turtle', 'symlink_install': False, 'test_result_base': None}
[0.624s] INFO:colcon.colcon_core.executor:Executing jobs using 'parallel' executor
[0.630s] DEBUG:colcon.colcon_parallel_executor.executor.parallel:run_until_complete
[0.631s] INFO:colcon.colcon_ros.task.ament_python.build:Building ROS package in '/home/mario/GrupoRobotica/Practica1/src/paquete_turtle' with build type 'ament_python'
[0.632s] Level 1:colcon.colcon_core.shell:create_environment_hook('paquete_turtle', 'ament_prefix_path')
[0.637s] INFO:colcon.colcon_core.plugin_system:Skipping extension 'colcon_core.shell.bat': Not used on non-Windows systems
[0.638s] INFO:colcon.colcon_core.shell:Creating environment hook '/home/mario/GrupoRobotica/Practica1/install/paquete_turtle/share/paquete_turtle/hook/ament_prefix_path.ps1'
[0.639s] INFO:colcon.colcon_core.shell:Creating environment descriptor '/home/mario/GrupoRobotica/Practica1/install/paquete_turtle/share/paquete_turtle/hook/ament_prefix_path.dsv'
[0.640s] INFO:colcon.colcon_core.shell:Creating environment hook '/home/mario/GrupoRobotica/Practica1/install/paquete_turtle/share/paquete_turtle/hook/ament_prefix_path.sh'
[0.643s] INFO:colcon.colcon_core.shell:Skip shell extension 'powershell' for command environment: Not usable outside of PowerShell
[0.643s] DEBUG:colcon.colcon_core.shell:Skip shell extension 'dsv' for command environment
[1.018s] INFO:colcon.colcon_core.task.python.build:Building Python package in '/home/mario/GrupoRobotica/Practica1/src/paquete_turtle'
[1.021s] INFO:colcon.colcon_core.shell:Skip shell extension 'powershell' for command environment: Not usable outside of PowerShell
[1.022s] DEBUG:colcon.colcon_core.shell:Skip shell extension 'dsv' for command environment
[1.384s] DEBUG:colcon.colcon_core.event_handler.log_command:Invoking command in '/home/mario/GrupoRobotica/Practica1/src/paquete_turtle': PYTHONPATH=/home/mario/GrupoRobotica/Practica1/install/paquete_turtle/lib/python3.10/site-packages:${PYTHONPATH} /usr/bin/python3 setup.py egg_info --egg-base ../../build/paquete_turtle build --build-base /home/mario/GrupoRobotica/Practica1/build/paquete_turtle/build install --prefix /home/mario/GrupoRobotica/Practica1/install/paquete_turtle --record /home/mario/GrupoRobotica/Practica1/build/paquete_turtle/install.log --single-version-externally-managed
[1.698s] DEBUG:colcon.colcon_core.event_handler.log_command:Invoked command in '/home/mario/GrupoRobotica/Practica1/src/paquete_turtle' returned '0': PYTHONPATH=/home/mario/GrupoRobotica/Practica1/install/paquete_turtle/lib/python3.10/site-packages:${PYTHONPATH} /usr/bin/python3 setup.py egg_info --egg-base ../../build/paquete_turtle build --build-base /home/mario/GrupoRobotica/Practica1/build/paquete_turtle/build install --prefix /home/mario/GrupoRobotica/Practica1/install/paquete_turtle --record /home/mario/GrupoRobotica/Practica1/build/paquete_turtle/install.log --single-version-externally-managed
[1.702s] Level 1:colcon.colcon_core.environment:checking '/home/mario/GrupoRobotica/Practica1/install/paquete_turtle' for CMake module files
[1.704s] Level 1:colcon.colcon_core.environment:checking '/home/mario/GrupoRobotica/Practica1/install/paquete_turtle' for CMake config files
[1.704s] Level 1:colcon.colcon_core.environment:checking '/home/mario/GrupoRobotica/Practica1/install/paquete_turtle/lib'
[1.705s] Level 1:colcon.colcon_core.environment:checking '/home/mario/GrupoRobotica/Practica1/install/paquete_turtle/bin'
[1.705s] Level 1:colcon.colcon_core.environment:checking '/home/mario/GrupoRobotica/Practica1/install/paquete_turtle/lib/pkgconfig/paquete_turtle.pc'
[1.705s] Level 1:colcon.colcon_core.environment:checking '/home/mario/GrupoRobotica/Practica1/install/paquete_turtle/lib/python3.10/site-packages'
[1.706s] Level 1:colcon.colcon_core.shell:create_environment_hook('paquete_turtle', 'pythonpath')
[1.708s] INFO:colcon.colcon_core.shell:Creating environment hook '/home/mario/GrupoRobotica/Practica1/install/paquete_turtle/share/paquete_turtle/hook/pythonpath.ps1'
[1.709s] INFO:colcon.colcon_core.shell:Creating environment descriptor '/home/mario/GrupoRobotica/Practica1/install/paquete_turtle/share/paquete_turtle/hook/pythonpath.dsv'
[1.710s] INFO:colcon.colcon_core.shell:Creating environment hook '/home/mario/GrupoRobotica/Practica1/install/paquete_turtle/share/paquete_turtle/hook/pythonpath.sh'
[1.711s] Level 1:colcon.colcon_core.environment:checking '/home/mario/GrupoRobotica/Practica1/install/paquete_turtle/bin'
[1.711s] Level 1:colcon.colcon_core.environment:create_environment_scripts_only(paquete_turtle)
[1.713s] INFO:colcon.colcon_core.shell:Creating package script '/home/mario/GrupoRobotica/Practica1/install/paquete_turtle/share/paquete_turtle/package.ps1'
[1.714s] INFO:colcon.colcon_core.shell:Creating package descriptor '/home/mario/GrupoRobotica/Practica1/install/paquete_turtle/share/paquete_turtle/package.dsv'
[1.714s] INFO:colcon.colcon_core.shell:Creating package script '/home/mario/GrupoRobotica/Practica1/install/paquete_turtle/share/paquete_turtle/package.sh'
[1.715s] INFO:colcon.colcon_core.shell:Creating package script '/home/mario/GrupoRobotica/Practica1/install/paquete_turtle/share/paquete_turtle/package.bash'
[1.716s] INFO:colcon.colcon_core.shell:Creating package script '/home/mario/GrupoRobotica/Practica1/install/paquete_turtle/share/paquete_turtle/package.zsh'
[1.717s] Level 1:colcon.colcon_core.environment:create_file_with_runtime_dependencies(/home/mario/GrupoRobotica/Practica1/install/paquete_turtle/share/colcon-core/packages/paquete_turtle)
[1.718s] DEBUG:colcon.colcon_parallel_executor.executor.parallel:closing loop
[1.718s] DEBUG:colcon.colcon_parallel_executor.executor.parallel:loop closed
[1.720s] DEBUG:colcon.colcon_parallel_executor.executor.parallel:run_until_complete finished with '0'
[1.721s] DEBUG:colcon.colcon_core.event_reactor:joining thread
[1.741s] INFO:colcon.colcon_core.plugin_system:Skipping extension 'colcon_notification.desktop_notification.terminal_notifier': Not used on non-Darwin systems
[1.741s] INFO:colcon.colcon_core.plugin_system:Skipping extension 'colcon_notification.desktop_notification.win32': Not used on non-Windows systems
[1.741s] INFO:colcon.colcon_notification.desktop_notification:Sending desktop notification using 'notify2'
[1.768s] DEBUG:colcon.colcon_core.event_reactor:joined thread
[1.771s] INFO:colcon.colcon_core.shell:Creating prefix script '/home/mario/GrupoRobotica/Practica1/install/local_setup.ps1'
[1.773s] INFO:colcon.colcon_core.shell:Creating prefix util module '/home/mario/GrupoRobotica/Practica1/install/_local_setup_util_ps1.py'
[1.775s] INFO:colcon.colcon_core.shell:Creating prefix chain script '/home/mario/GrupoRobotica/Practica1/install/setup.ps1'
[1.777s] INFO:colcon.colcon_core.shell:Creating prefix script '/home/mario/GrupoRobotica/Practica1/install/local_setup.sh'
[1.777s] INFO:colcon.colcon_core.shell:Creating prefix util module '/home/mario/GrupoRobotica/Practica1/install/_local_setup_util_sh.py'
[1.778s] INFO:colcon.colcon_core.shell:Creating prefix chain script '/home/mario/GrupoRobotica/Practica1/install/setup.sh'
[1.780s] INFO:colcon.colcon_core.shell:Creating prefix script '/home/mario/GrupoRobotica/Practica1/install/local_setup.bash'
[1.781s] INFO:colcon.colcon_core.shell:Creating prefix chain script '/home/mario/GrupoRobotica/Practica1/install/setup.bash'
[1.783s] INFO:colcon.colcon_core.shell:Creating prefix script '/home/mario/GrupoRobotica/Practica1/install/local_setup.zsh'
[1.784s] INFO:colcon.colcon_core.shell:Creating prefix chain script '/home/mario/GrupoRobotica/Practica1/install/setup.zsh'
