[0.611s] Invoking command in '/home/mario/GrupoRobotica/Practica1/src/paquete_turtle': PYTHONPATH=/home/mario/GrupoRobotica/Practica1/install/paquete_turtle/lib/python3.10/site-packages:${PYTHONPATH} /usr/bin/python3 setup.py egg_info --egg-base ../../build/paquete_turtle build --build-base /home/mario/GrupoRobotica/Practica1/build/paquete_turtle/build install --prefix /home/mario/GrupoRobotica/Practica1/install/paquete_turtle --record /home/mario/GrupoRobotica/Practica1/build/paquete_turtle/install.log --single-version-externally-managed
[0.814s] running egg_info
[0.815s] writing ../../build/paquete_turtle/paquete_turtle.egg-info/PKG-INFO
[0.816s] writing dependency_links to ../../build/paquete_turtle/paquete_turtle.egg-info/dependency_links.txt
[0.816s] writing entry points to ../../build/paquete_turtle/paquete_turtle.egg-info/entry_points.txt
[0.817s] writing requirements to ../../build/paquete_turtle/paquete_turtle.egg-info/requires.txt
[0.817s] writing top-level names to ../../build/paquete_turtle/paquete_turtle.egg-info/top_level.txt
[0.819s] reading manifest file '../../build/paquete_turtle/paquete_turtle.egg-info/SOURCES.txt'
[0.820s] writing manifest file '../../build/paquete_turtle/paquete_turtle.egg-info/SOURCES.txt'
[0.821s] running build
[0.822s] running build_py
[0.822s] copying paquete_turtle/movimiento.py -> /home/mario/GrupoRobotica/Practica1/build/paquete_turtle/build/lib/paquete_turtle
[0.825s] running install
[0.828s] /usr/lib/python3/dist-packages/setuptools/command/install.py:34: SetuptoolsDeprecationWarning: setup.py install is deprecated. Use build and pip and other standards-based tools.
[0.828s]   warnings.warn(
[0.828s] running install_lib
[0.829s] copying /home/mario/GrupoRobotica/Practica1/build/paquete_turtle/build/lib/paquete_turtle/movimiento.py -> /home/mario/GrupoRobotica/Practica1/install/paquete_turtle/lib/python3.10/site-packages/paquete_turtle
[0.829s] byte-compiling /home/mario/GrupoRobotica/Practica1/install/paquete_turtle/lib/python3.10/site-packages/paquete_turtle/movimiento.py to movimiento.cpython-310.pyc
[0.832s] running install_data
[0.832s] running install_egg_info
[0.834s] removing '/home/mario/GrupoRobotica/Practica1/install/paquete_turtle/lib/python3.10/site-packages/paquete_turtle-0.0.0-py3.10.egg-info' (and everything under it)
[0.835s] Copying ../../build/paquete_turtle/paquete_turtle.egg-info to /home/mario/GrupoRobotica/Practica1/install/paquete_turtle/lib/python3.10/site-packages/paquete_turtle-0.0.0-py3.10.egg-info
[0.838s] running install_scripts
[0.856s] Installing dibujar script to /home/mario/GrupoRobotica/Practica1/install/paquete_turtle/lib/paquete_turtle
[0.856s] Installing fondo script to /home/mario/GrupoRobotica/Practica1/install/paquete_turtle/lib/paquete_turtle
[0.856s] Installing movimiento script to /home/mario/GrupoRobotica/Practica1/install/paquete_turtle/lib/paquete_turtle
[0.857s] Installing raton script to /home/mario/GrupoRobotica/Practica1/install/paquete_turtle/lib/paquete_turtle
[0.857s] writing list of installed files to '/home/mario/GrupoRobotica/Practica1/build/paquete_turtle/install.log'
[0.879s] Invoked command in '/home/mario/GrupoRobotica/Practica1/src/paquete_turtle' returned '0': PYTHONPATH=/home/mario/GrupoRobotica/Practica1/install/paquete_turtle/lib/python3.10/site-packages:${PYTHONPATH} /usr/bin/python3 setup.py egg_info --egg-base ../../build/paquete_turtle build --build-base /home/mario/GrupoRobotica/Practica1/build/paquete_turtle/build install --prefix /home/mario/GrupoRobotica/Practica1/install/paquete_turtle --record /home/mario/GrupoRobotica/Practica1/build/paquete_turtle/install.log --single-version-externally-managed
