[0.885s] Invoking command in '/home/vulf/Desktop/pruebas/GrupoRobotica/Practica1/src/paquete_turtle': PYTHONPATH=/home/vulf/Desktop/pruebas/GrupoRobotica/Practica1/install/paquete_turtle/lib/python3.10/site-packages:${PYTHONPATH} /usr/bin/python3 setup.py egg_info --egg-base ../../build/paquete_turtle build --build-base /home/vulf/Desktop/pruebas/GrupoRobotica/Practica1/build/paquete_turtle/build install --prefix /home/vulf/Desktop/pruebas/GrupoRobotica/Practica1/install/paquete_turtle --record /home/vulf/Desktop/pruebas/GrupoRobotica/Practica1/build/paquete_turtle/install.log --single-version-externally-managed
[1.693s] running egg_info
[1.695s] writing ../../build/paquete_turtle/paquete_turtle.egg-info/PKG-INFO
[1.722s] writing dependency_links to ../../build/paquete_turtle/paquete_turtle.egg-info/dependency_links.txt
[1.726s] writing entry points to ../../build/paquete_turtle/paquete_turtle.egg-info/entry_points.txt
[1.728s] writing requirements to ../../build/paquete_turtle/paquete_turtle.egg-info/requires.txt
[1.731s] writing top-level names to ../../build/paquete_turtle/paquete_turtle.egg-info/top_level.txt
[1.743s] reading manifest file '../../build/paquete_turtle/paquete_turtle.egg-info/SOURCES.txt'
[1.745s] writing manifest file '../../build/paquete_turtle/paquete_turtle.egg-info/SOURCES.txt'
[1.767s] running build
[1.768s] running build_py
[1.769s] copying paquete_turtle/movimiento.py -> /home/vulf/Desktop/pruebas/GrupoRobotica/Practica1/build/paquete_turtle/build/lib/paquete_turtle
[1.771s] running install
[1.772s] /usr/lib/python3/dist-packages/setuptools/command/install.py:34: SetuptoolsDeprecationWarning: setup.py install is deprecated. Use build and pip and other standards-based tools.
[1.772s]   warnings.warn(
[1.774s] running install_lib
[1.776s] copying /home/vulf/Desktop/pruebas/GrupoRobotica/Practica1/build/paquete_turtle/build/lib/paquete_turtle/movimiento.py -> /home/vulf/Desktop/pruebas/GrupoRobotica/Practica1/install/paquete_turtle/lib/python3.10/site-packages/paquete_turtle
[1.779s] byte-compiling /home/vulf/Desktop/pruebas/GrupoRobotica/Practica1/install/paquete_turtle/lib/python3.10/site-packages/paquete_turtle/movimiento.py to movimiento.cpython-310.pyc
[1.787s] running install_data
[1.789s] running install_egg_info
[1.792s] removing '/home/vulf/Desktop/pruebas/GrupoRobotica/Practica1/install/paquete_turtle/lib/python3.10/site-packages/paquete_turtle-0.0.0-py3.10.egg-info' (and everything under it)
[1.800s] Copying ../../build/paquete_turtle/paquete_turtle.egg-info to /home/vulf/Desktop/pruebas/GrupoRobotica/Practica1/install/paquete_turtle/lib/python3.10/site-packages/paquete_turtle-0.0.0-py3.10.egg-info
[1.804s] running install_scripts
[1.930s] Installing dibujar script to /home/vulf/Desktop/pruebas/GrupoRobotica/Practica1/install/paquete_turtle/lib/paquete_turtle
[1.936s] Installing fondo script to /home/vulf/Desktop/pruebas/GrupoRobotica/Practica1/install/paquete_turtle/lib/paquete_turtle
[1.939s] Installing movimiento script to /home/vulf/Desktop/pruebas/GrupoRobotica/Practica1/install/paquete_turtle/lib/paquete_turtle
[1.942s] writing list of installed files to '/home/vulf/Desktop/pruebas/GrupoRobotica/Practica1/build/paquete_turtle/install.log'
[2.036s] Invoked command in '/home/vulf/Desktop/pruebas/GrupoRobotica/Practica1/src/paquete_turtle' returned '0': PYTHONPATH=/home/vulf/Desktop/pruebas/GrupoRobotica/Practica1/install/paquete_turtle/lib/python3.10/site-packages:${PYTHONPATH} /usr/bin/python3 setup.py egg_info --egg-base ../../build/paquete_turtle build --build-base /home/vulf/Desktop/pruebas/GrupoRobotica/Practica1/build/paquete_turtle/build install --prefix /home/vulf/Desktop/pruebas/GrupoRobotica/Practica1/install/paquete_turtle --record /home/vulf/Desktop/pruebas/GrupoRobotica/Practica1/build/paquete_turtle/install.log --single-version-externally-managed
