running egg_info
creating ../../build/paquete_turtle/paquete_turtle.egg-info
writing ../../build/paquete_turtle/paquete_turtle.egg-info/PKG-INFO
writing dependency_links to ../../build/paquete_turtle/paquete_turtle.egg-info/dependency_links.txt
writing entry points to ../../build/paquete_turtle/paquete_turtle.egg-info/entry_points.txt
writing requirements to ../../build/paquete_turtle/paquete_turtle.egg-info/requires.txt
writing top-level names to ../../build/paquete_turtle/paquete_turtle.egg-info/top_level.txt
writing manifest file '../../build/paquete_turtle/paquete_turtle.egg-info/SOURCES.txt'
reading manifest file '../../build/paquete_turtle/paquete_turtle.egg-info/SOURCES.txt'
writing manifest file '../../build/paquete_turtle/paquete_turtle.egg-info/SOURCES.txt'
running build
running build_py
creating /home/mario/GrupoRobotica/Practica1/build/paquete_turtle/build
creating /home/mario/GrupoRobotica/Practica1/build/paquete_turtle/build/lib
creating /home/mario/GrupoRobotica/Practica1/build/paquete_turtle/build/lib/paquete_turtle
copying paquete_turtle/__init__.py -> /home/mario/GrupoRobotica/Practica1/build/paquete_turtle/build/lib/paquete_turtle
copying paquete_turtle/prueba.py -> /home/mario/GrupoRobotica/Practica1/build/paquete_turtle/build/lib/paquete_turtle
running install
running install_lib
creating /home/mario/GrupoRobotica/Practica1/install/paquete_turtle/lib/python3.10/site-packages/paquete_turtle
copying /home/mario/GrupoRobotica/Practica1/build/paquete_turtle/build/lib/paquete_turtle/__init__.py -> /home/mario/GrupoRobotica/Practica1/install/paquete_turtle/lib/python3.10/site-packages/paquete_turtle
copying /home/mario/GrupoRobotica/Practica1/build/paquete_turtle/build/lib/paquete_turtle/prueba.py -> /home/mario/GrupoRobotica/Practica1/install/paquete_turtle/lib/python3.10/site-packages/paquete_turtle
byte-compiling /home/mario/GrupoRobotica/Practica1/install/paquete_turtle/lib/python3.10/site-packages/paquete_turtle/__init__.py to __init__.cpython-310.pyc
byte-compiling /home/mario/GrupoRobotica/Practica1/install/paquete_turtle/lib/python3.10/site-packages/paquete_turtle/prueba.py to prueba.cpython-310.pyc
running install_data
creating /home/mario/GrupoRobotica/Practica1/install/paquete_turtle/share/ament_index
creating /home/mario/GrupoRobotica/Practica1/install/paquete_turtle/share/ament_index/resource_index
creating /home/mario/GrupoRobotica/Practica1/install/paquete_turtle/share/ament_index/resource_index/packages
copying resource/paquete_turtle -> /home/mario/GrupoRobotica/Practica1/install/paquete_turtle/share/ament_index/resource_index/packages
copying package.xml -> /home/mario/GrupoRobotica/Practica1/install/paquete_turtle/share/paquete_turtle
running install_egg_info
Copying ../../build/paquete_turtle/paquete_turtle.egg-info to /home/mario/GrupoRobotica/Practica1/install/paquete_turtle/lib/python3.10/site-packages/paquete_turtle-0.0.0-py3.10.egg-info
running install_scripts
writing list of installed files to '/home/mario/GrupoRobotica/Practica1/build/paquete_turtle/install.log'
