[0.465s] Invoking command in '/home/mario/GrupoRobotica/Practica1/src/paquete_turtle': PYTHONPATH=/home/mario/GrupoRobotica/Practica1/install/paquete_turtle/lib/python3.10/site-packages:${PYTHONPATH} /usr/bin/python3 setup.py egg_info --egg-base ../../build/paquete_turtle build --build-base /home/mario/GrupoRobotica/Practica1/build/paquete_turtle/build install --prefix /home/mario/GrupoRobotica/Practica1/install/paquete_turtle --record /home/mario/GrupoRobotica/Practica1/build/paquete_turtle/install.log --single-version-externally-managed
[0.667s] running egg_info
[0.668s] writing ../../build/paquete_turtle/paquete_turtle.egg-info/PKG-INFO
[0.669s] writing dependency_links to ../../build/paquete_turtle/paquete_turtle.egg-info/dependency_links.txt
[0.669s] writing entry points to ../../build/paquete_turtle/paquete_turtle.egg-info/entry_points.txt
[0.670s] writing requirements to ../../build/paquete_turtle/paquete_turtle.egg-info/requires.txt
[0.671s] writing top-level names to ../../build/paquete_turtle/paquete_turtle.egg-info/top_level.txt
[0.673s] reading manifest file '../../build/paquete_turtle/paquete_turtle.egg-info/SOURCES.txt'
[0.674s] writing manifest file '../../build/paquete_turtle/paquete_turtle.egg-info/SOURCES.txt'
[0.675s] running build
[0.675s] running build_py
[0.676s] copying paquete_turtle/raton.py -> /home/mario/GrupoRobotica/Practica1/build/paquete_turtle/build/lib/paquete_turtle
[0.676s] running install
[0.677s] /usr/lib/python3/dist-packages/setuptools/command/install.py:34: SetuptoolsDeprecationWarning: setup.py install is deprecated. Use build and pip and other standards-based tools.
[0.677s]   warnings.warn(
[0.677s] running install_lib
[0.678s] copying /home/mario/GrupoRobotica/Practica1/build/paquete_turtle/build/lib/paquete_turtle/raton.py -> /home/mario/GrupoRobotica/Practica1/install/paquete_turtle/lib/python3.10/site-packages/paquete_turtle
[0.679s] byte-compiling /home/mario/GrupoRobotica/Practica1/install/paquete_turtle/lib/python3.10/site-packages/paquete_turtle/raton.py to raton.cpython-310.pyc
[0.681s] running install_data
[0.682s] running install_egg_info
[0.684s] removing '/home/mario/GrupoRobotica/Practica1/install/paquete_turtle/lib/python3.10/site-packages/paquete_turtle-0.0.0-py3.10.egg-info' (and everything under it)
[0.685s] Copying ../../build/paquete_turtle/paquete_turtle.egg-info to /home/mario/GrupoRobotica/Practica1/install/paquete_turtle/lib/python3.10/site-packages/paquete_turtle-0.0.0-py3.10.egg-info
[0.689s] running install_scripts
[0.708s] Installing dibujar script to /home/mario/GrupoRobotica/Practica1/install/paquete_turtle/lib/paquete_turtle
[0.709s] Installing fondo script to /home/mario/GrupoRobotica/Practica1/install/paquete_turtle/lib/paquete_turtle
[0.710s] Installing movimiento script to /home/mario/GrupoRobotica/Practica1/install/paquete_turtle/lib/paquete_turtle
[0.711s] Installing raton script to /home/mario/GrupoRobotica/Practica1/install/paquete_turtle/lib/paquete_turtle
[0.712s] writing list of installed files to '/home/mario/GrupoRobotica/Practica1/build/paquete_turtle/install.log'
[0.735s] Invoked command in '/home/mario/GrupoRobotica/Practica1/src/paquete_turtle' returned '0': PYTHONPATH=/home/mario/GrupoRobotica/Practica1/install/paquete_turtle/lib/python3.10/site-packages:${PYTHONPATH} /usr/bin/python3 setup.py egg_info --egg-base ../../build/paquete_turtle build --build-base /home/mario/GrupoRobotica/Practica1/build/paquete_turtle/build install --prefix /home/mario/GrupoRobotica/Practica1/install/paquete_turtle --record /home/mario/GrupoRobotica/Practica1/build/paquete_turtle/install.log --single-version-externally-managed
