[0.888s] Invoking command in '/home/mario/GrupoRobotica/Practica1/src/paquete_turtle': PYTHONPATH=/home/mario/GrupoRobotica/Practica1/install/paquete_turtle/lib/python3.10/site-packages:${PYTHONPATH} /usr/bin/python3 setup.py egg_info --egg-base ../../build/paquete_turtle build --build-base /home/mario/GrupoRobotica/Practica1/build/paquete_turtle/build install --prefix /home/mario/GrupoRobotica/Practica1/install/paquete_turtle --record /home/mario/GrupoRobotica/Practica1/build/paquete_turtle/install.log --single-version-externally-managed
[1.177s] running egg_info
[1.178s] writing ../../build/paquete_turtle/paquete_turtle.egg-info/PKG-INFO
[1.182s] writing dependency_links to ../../build/paquete_turtle/paquete_turtle.egg-info/dependency_links.txt
[1.182s] writing entry points to ../../build/paquete_turtle/paquete_turtle.egg-info/entry_points.txt
[1.182s] writing requirements to ../../build/paquete_turtle/paquete_turtle.egg-info/requires.txt
[1.182s] writing top-level names to ../../build/paquete_turtle/paquete_turtle.egg-info/top_level.txt
[1.184s] reading manifest file '../../build/paquete_turtle/paquete_turtle.egg-info/SOURCES.txt'
[1.185s] writing manifest file '../../build/paquete_turtle/paquete_turtle.egg-info/SOURCES.txt'
[1.186s] running build
[1.186s] running build_py
[1.186s] copying paquete_turtle/prueba.py -> /home/mario/GrupoRobotica/Practica1/build/paquete_turtle/build/lib/paquete_turtle
[1.186s] running install
[1.187s] /usr/lib/python3/dist-packages/setuptools/command/install.py:34: SetuptoolsDeprecationWarning: setup.py install is deprecated. Use build and pip and other standards-based tools.
[1.187s]   warnings.warn(
[1.187s] running install_lib
[1.188s] copying /home/mario/GrupoRobotica/Practica1/build/paquete_turtle/build/lib/paquete_turtle/prueba.py -> /home/mario/GrupoRobotica/Practica1/install/paquete_turtle/lib/python3.10/site-packages/paquete_turtle
[1.191s] byte-compiling /home/mario/GrupoRobotica/Practica1/install/paquete_turtle/lib/python3.10/site-packages/paquete_turtle/prueba.py to prueba.cpython-310.pyc
[1.192s] running install_data
[1.194s] running install_egg_info
[1.198s] removing '/home/mario/GrupoRobotica/Practica1/install/paquete_turtle/lib/python3.10/site-packages/paquete_turtle-0.0.0-py3.10.egg-info' (and everything under it)
[1.199s] Copying ../../build/paquete_turtle/paquete_turtle.egg-info to /home/mario/GrupoRobotica/Practica1/install/paquete_turtle/lib/python3.10/site-packages/paquete_turtle-0.0.0-py3.10.egg-info
[1.201s] running install_scripts
[1.230s] Installing prueba script to /home/mario/GrupoRobotica/Practica1/install/paquete_turtle/lib/paquete_turtle
[1.231s] writing list of installed files to '/home/mario/GrupoRobotica/Practica1/build/paquete_turtle/install.log'
[1.270s] Invoked command in '/home/mario/GrupoRobotica/Practica1/src/paquete_turtle' returned '0': PYTHONPATH=/home/mario/GrupoRobotica/Practica1/install/paquete_turtle/lib/python3.10/site-packages:${PYTHONPATH} /usr/bin/python3 setup.py egg_info --egg-base ../../build/paquete_turtle build --build-base /home/mario/GrupoRobotica/Practica1/build/paquete_turtle/build install --prefix /home/mario/GrupoRobotica/Practica1/install/paquete_turtle --record /home/mario/GrupoRobotica/Practica1/build/paquete_turtle/install.log --single-version-externally-managed
