[1.013s] Invoking command in '/home/mario/GrupoRobotica/Practica1/src/paquete_turtle': PYTHONPATH=/home/mario/GrupoRobotica/Practica1/install/paquete_turtle/lib/python3.10/site-packages:${PYTHONPATH} /usr/bin/python3 setup.py egg_info --egg-base ../../build/paquete_turtle build --build-base /home/mario/GrupoRobotica/Practica1/build/paquete_turtle/build install --prefix /home/mario/GrupoRobotica/Practica1/install/paquete_turtle --record /home/mario/GrupoRobotica/Practica1/build/paquete_turtle/install.log --single-version-externally-managed
[1.355s] running egg_info
[1.359s] writing ../../build/paquete_turtle/paquete_turtle.egg-info/PKG-INFO
[1.359s] writing dependency_links to ../../build/paquete_turtle/paquete_turtle.egg-info/dependency_links.txt
[1.359s] writing entry points to ../../build/paquete_turtle/paquete_turtle.egg-info/entry_points.txt
[1.359s] writing requirements to ../../build/paquete_turtle/paquete_turtle.egg-info/requires.txt
[1.359s] writing top-level names to ../../build/paquete_turtle/paquete_turtle.egg-info/top_level.txt
[1.361s] reading manifest file '../../build/paquete_turtle/paquete_turtle.egg-info/SOURCES.txt'
[1.379s] writing manifest file '../../build/paquete_turtle/paquete_turtle.egg-info/SOURCES.txt'
[1.379s] running build
[1.379s] running build_py
[1.379s] copying paquete_turtle/prueba.py -> /home/mario/GrupoRobotica/Practica1/build/paquete_turtle/build/lib/paquete_turtle
[1.382s] running install
[1.382s] running install_lib
[1.384s] /usr/lib/python3/dist-packages/setuptools/command/install.py:34: SetuptoolsDeprecationWarning: setup.py install is deprecated. Use build and pip and other standards-based tools.
[1.384s]   warnings.warn(
[1.387s] copying /home/mario/GrupoRobotica/Practica1/build/paquete_turtle/build/lib/paquete_turtle/prueba.py -> /home/mario/GrupoRobotica/Practica1/install/paquete_turtle/lib/python3.10/site-packages/paquete_turtle
[1.388s] byte-compiling /home/mario/GrupoRobotica/Practica1/install/paquete_turtle/lib/python3.10/site-packages/paquete_turtle/prueba.py to prueba.cpython-310.pyc
[1.388s] running install_data
[1.388s] running install_egg_info
[1.393s] removing '/home/mario/GrupoRobotica/Practica1/install/paquete_turtle/lib/python3.10/site-packages/paquete_turtle-0.0.0-py3.10.egg-info' (and everything under it)
[1.393s] Copying ../../build/paquete_turtle/paquete_turtle.egg-info to /home/mario/GrupoRobotica/Practica1/install/paquete_turtle/lib/python3.10/site-packages/paquete_turtle-0.0.0-py3.10.egg-info
[1.398s] running install_scripts
[1.427s] Installing prueba script to /home/mario/GrupoRobotica/Practica1/install/paquete_turtle/lib/paquete_turtle
[1.427s] writing list of installed files to '/home/mario/GrupoRobotica/Practica1/build/paquete_turtle/install.log'
[1.467s] Invoked command in '/home/mario/GrupoRobotica/Practica1/src/paquete_turtle' returned '0': PYTHONPATH=/home/mario/GrupoRobotica/Practica1/install/paquete_turtle/lib/python3.10/site-packages:${PYTHONPATH} /usr/bin/python3 setup.py egg_info --egg-base ../../build/paquete_turtle build --build-base /home/mario/GrupoRobotica/Practica1/build/paquete_turtle/build install --prefix /home/mario/GrupoRobotica/Practica1/install/paquete_turtle --record /home/mario/GrupoRobotica/Practica1/build/paquete_turtle/install.log --single-version-externally-managed
