[0.579s] Invoking command in '/home/mario/GrupoRobotica/Practica1/src/paquete_turtle': PYTHONPATH=/home/mario/GrupoRobotica/Practica1/install/paquete_turtle/lib/python3.10/site-packages:${PYTHONPATH} /usr/bin/python3 setup.py egg_info --egg-base ../../build/paquete_turtle build --build-base /home/mario/GrupoRobotica/Practica1/build/paquete_turtle/build install --prefix /home/mario/GrupoRobotica/Practica1/install/paquete_turtle --record /home/mario/GrupoRobotica/Practica1/build/paquete_turtle/install.log --single-version-externally-managed
[0.773s] running egg_info
[0.773s] writing ../../build/paquete_turtle/paquete_turtle.egg-info/PKG-INFO
[0.774s] writing dependency_links to ../../build/paquete_turtle/paquete_turtle.egg-info/dependency_links.txt
[0.774s] writing entry points to ../../build/paquete_turtle/paquete_turtle.egg-info/entry_points.txt
[0.775s] writing requirements to ../../build/paquete_turtle/paquete_turtle.egg-info/requires.txt
[0.776s] writing top-level names to ../../build/paquete_turtle/paquete_turtle.egg-info/top_level.txt
[0.778s] reading manifest file '../../build/paquete_turtle/paquete_turtle.egg-info/SOURCES.txt'
[0.780s] writing manifest file '../../build/paquete_turtle/paquete_turtle.egg-info/SOURCES.txt'
[0.780s] running build
[0.780s] running build_py
[0.781s] copying paquete_turtle/raton.py -> /home/mario/GrupoRobotica/Practica1/build/paquete_turtle/build/lib/paquete_turtle
[0.781s] running install
[0.781s] /usr/lib/python3/dist-packages/setuptools/command/install.py:34: SetuptoolsDeprecationWarning: setup.py install is deprecated. Use build and pip and other standards-based tools.
[0.781s]   warnings.warn(
[0.782s] running install_lib
[0.782s] copying /home/mario/GrupoRobotica/Practica1/build/paquete_turtle/build/lib/paquete_turtle/raton.py -> /home/mario/GrupoRobotica/Practica1/install/paquete_turtle/lib/python3.10/site-packages/paquete_turtle
[0.783s] byte-compiling /home/mario/GrupoRobotica/Practica1/install/paquete_turtle/lib/python3.10/site-packages/paquete_turtle/raton.py to raton.cpython-310.pyc
[0.785s] running install_data
[0.785s] running install_egg_info
[0.786s] removing '/home/mario/GrupoRobotica/Practica1/install/paquete_turtle/lib/python3.10/site-packages/paquete_turtle-0.0.0-py3.10.egg-info' (and everything under it)
[0.787s] Copying ../../build/paquete_turtle/paquete_turtle.egg-info to /home/mario/GrupoRobotica/Practica1/install/paquete_turtle/lib/python3.10/site-packages/paquete_turtle-0.0.0-py3.10.egg-info
[0.789s] running install_scripts
[0.805s] Installing dibujar script to /home/mario/GrupoRobotica/Practica1/install/paquete_turtle/lib/paquete_turtle
[0.806s] Installing fondo script to /home/mario/GrupoRobotica/Practica1/install/paquete_turtle/lib/paquete_turtle
[0.806s] Installing movimiento script to /home/mario/GrupoRobotica/Practica1/install/paquete_turtle/lib/paquete_turtle
[0.807s] Installing raton script to /home/mario/GrupoRobotica/Practica1/install/paquete_turtle/lib/paquete_turtle
[0.808s] writing list of installed files to '/home/mario/GrupoRobotica/Practica1/build/paquete_turtle/install.log'
[0.825s] Invoked command in '/home/mario/GrupoRobotica/Practica1/src/paquete_turtle' returned '0': PYTHONPATH=/home/mario/GrupoRobotica/Practica1/install/paquete_turtle/lib/python3.10/site-packages:${PYTHONPATH} /usr/bin/python3 setup.py egg_info --egg-base ../../build/paquete_turtle build --build-base /home/mario/GrupoRobotica/Practica1/build/paquete_turtle/build install --prefix /home/mario/GrupoRobotica/Practica1/install/paquete_turtle --record /home/mario/GrupoRobotica/Practica1/build/paquete_turtle/install.log --single-version-externally-managed
