[0.911s] Invoking command in '/home/vulf/Desktop/pruebas/GrupoRobotica/Practica1/src/paquete_turtle': PYTHONPATH=/home/vulf/Desktop/pruebas/GrupoRobotica/Practica1/install/paquete_turtle/lib/python3.10/site-packages:${PYTHONPATH} /usr/bin/python3 setup.py egg_info --egg-base ../../build/paquete_turtle build --build-base /home/vulf/Desktop/pruebas/GrupoRobotica/Practica1/build/paquete_turtle/build install --prefix /home/vulf/Desktop/pruebas/GrupoRobotica/Practica1/install/paquete_turtle --record /home/vulf/Desktop/pruebas/GrupoRobotica/Practica1/build/paquete_turtle/install.log --single-version-externally-managed
[1.511s] running egg_info
[1.513s] writing ../../build/paquete_turtle/paquete_turtle.egg-info/PKG-INFO
[1.517s] writing dependency_links to ../../build/paquete_turtle/paquete_turtle.egg-info/dependency_links.txt
[1.519s] writing entry points to ../../build/paquete_turtle/paquete_turtle.egg-info/entry_points.txt
[1.521s] writing requirements to ../../build/paquete_turtle/paquete_turtle.egg-info/requires.txt
[1.523s] writing top-level names to ../../build/paquete_turtle/paquete_turtle.egg-info/top_level.txt
[1.528s] reading manifest file '../../build/paquete_turtle/paquete_turtle.egg-info/SOURCES.txt'
[1.532s] writing manifest file '../../build/paquete_turtle/paquete_turtle.egg-info/SOURCES.txt'
[1.553s] running build
[1.553s] running build_py
[1.555s] copying paquete_turtle/movimiento.py -> /home/vulf/Desktop/pruebas/GrupoRobotica/Practica1/build/paquete_turtle/build/lib/paquete_turtle
[1.556s] running install
[1.557s] /usr/lib/python3/dist-packages/setuptools/command/install.py:34: SetuptoolsDeprecationWarning: setup.py install is deprecated. Use build and pip and other standards-based tools.
[1.557s]   warnings.warn(
[1.559s] running install_lib
[1.561s] copying /home/vulf/Desktop/pruebas/GrupoRobotica/Practica1/build/paquete_turtle/build/lib/paquete_turtle/movimiento.py -> /home/vulf/Desktop/pruebas/GrupoRobotica/Practica1/install/paquete_turtle/lib/python3.10/site-packages/paquete_turtle
[1.566s] byte-compiling /home/vulf/Desktop/pruebas/GrupoRobotica/Practica1/install/paquete_turtle/lib/python3.10/site-packages/paquete_turtle/movimiento.py to movimiento.cpython-310.pyc
[1.584s] running install_data
[1.585s] running install_egg_info
[1.589s] removing '/home/vulf/Desktop/pruebas/GrupoRobotica/Practica1/install/paquete_turtle/lib/python3.10/site-packages/paquete_turtle-0.0.0-py3.10.egg-info' (and everything under it)
[1.598s] Copying ../../build/paquete_turtle/paquete_turtle.egg-info to /home/vulf/Desktop/pruebas/GrupoRobotica/Practica1/install/paquete_turtle/lib/python3.10/site-packages/paquete_turtle-0.0.0-py3.10.egg-info
[1.611s] running install_scripts
[1.720s] Installing dibujar script to /home/vulf/Desktop/pruebas/GrupoRobotica/Practica1/install/paquete_turtle/lib/paquete_turtle
[1.724s] Installing fondo script to /home/vulf/Desktop/pruebas/GrupoRobotica/Practica1/install/paquete_turtle/lib/paquete_turtle
[1.726s] Installing movimiento script to /home/vulf/Desktop/pruebas/GrupoRobotica/Practica1/install/paquete_turtle/lib/paquete_turtle
[1.729s] writing list of installed files to '/home/vulf/Desktop/pruebas/GrupoRobotica/Practica1/build/paquete_turtle/install.log'
[1.842s] Invoked command in '/home/vulf/Desktop/pruebas/GrupoRobotica/Practica1/src/paquete_turtle' returned '0': PYTHONPATH=/home/vulf/Desktop/pruebas/GrupoRobotica/Practica1/install/paquete_turtle/lib/python3.10/site-packages:${PYTHONPATH} /usr/bin/python3 setup.py egg_info --egg-base ../../build/paquete_turtle build --build-base /home/vulf/Desktop/pruebas/GrupoRobotica/Practica1/build/paquete_turtle/build install --prefix /home/vulf/Desktop/pruebas/GrupoRobotica/Practica1/install/paquete_turtle --record /home/vulf/Desktop/pruebas/GrupoRobotica/Practica1/build/paquete_turtle/install.log --single-version-externally-managed
