[1.162s] Invoking command in '/home/vulf/Desktop/pruebas/GrupoRobotica/Practica1/src/paquete_turtle': PYTHONPATH=/home/vulf/Desktop/pruebas/GrupoRobotica/Practica1/install/paquete_turtle/lib/python3.10/site-packages:${PYTHONPATH} /usr/bin/python3 setup.py egg_info --egg-base ../../build/paquete_turtle build --build-base /home/vulf/Desktop/pruebas/GrupoRobotica/Practica1/build/paquete_turtle/build install --prefix /home/vulf/Desktop/pruebas/GrupoRobotica/Practica1/install/paquete_turtle --record /home/vulf/Desktop/pruebas/GrupoRobotica/Practica1/build/paquete_turtle/install.log --single-version-externally-managed
[2.034s] running egg_info
[2.043s] writing ../../build/paquete_turtle/paquete_turtle.egg-info/PKG-INFO
[2.046s] writing dependency_links to ../../build/paquete_turtle/paquete_turtle.egg-info/dependency_links.txt
[2.064s] writing entry points to ../../build/paquete_turtle/paquete_turtle.egg-info/entry_points.txt
[2.066s] writing requirements to ../../build/paquete_turtle/paquete_turtle.egg-info/requires.txt
[2.069s] writing top-level names to ../../build/paquete_turtle/paquete_turtle.egg-info/top_level.txt
[2.075s] reading manifest file '../../build/paquete_turtle/paquete_turtle.egg-info/SOURCES.txt'
[2.078s] writing manifest file '../../build/paquete_turtle/paquete_turtle.egg-info/SOURCES.txt'
[2.097s] running build
[2.098s] running build_py
[2.099s] copying paquete_turtle/movimiento.py -> /home/vulf/Desktop/pruebas/GrupoRobotica/Practica1/build/paquete_turtle/build/lib/paquete_turtle
[2.101s] running install
[2.102s] /usr/lib/python3/dist-packages/setuptools/command/install.py:34: SetuptoolsDeprecationWarning: setup.py install is deprecated. Use build and pip and other standards-based tools.
[2.102s]   warnings.warn(
[2.104s] running install_lib
[2.107s] copying /home/vulf/Desktop/pruebas/GrupoRobotica/Practica1/build/paquete_turtle/build/lib/paquete_turtle/movimiento.py -> /home/vulf/Desktop/pruebas/GrupoRobotica/Practica1/install/paquete_turtle/lib/python3.10/site-packages/paquete_turtle
[2.109s] byte-compiling /home/vulf/Desktop/pruebas/GrupoRobotica/Practica1/install/paquete_turtle/lib/python3.10/site-packages/paquete_turtle/movimiento.py to movimiento.cpython-310.pyc
[2.134s] running install_data
[2.137s] running install_egg_info
[2.150s] removing '/home/vulf/Desktop/pruebas/GrupoRobotica/Practica1/install/paquete_turtle/lib/python3.10/site-packages/paquete_turtle-0.0.0-py3.10.egg-info' (and everything under it)
[2.162s] Copying ../../build/paquete_turtle/paquete_turtle.egg-info to /home/vulf/Desktop/pruebas/GrupoRobotica/Practica1/install/paquete_turtle/lib/python3.10/site-packages/paquete_turtle-0.0.0-py3.10.egg-info
[2.167s] running install_scripts
[2.289s] Installing dibujar script to /home/vulf/Desktop/pruebas/GrupoRobotica/Practica1/install/paquete_turtle/lib/paquete_turtle
[2.294s] Installing fondo script to /home/vulf/Desktop/pruebas/GrupoRobotica/Practica1/install/paquete_turtle/lib/paquete_turtle
[2.314s] Installing movimiento script to /home/vulf/Desktop/pruebas/GrupoRobotica/Practica1/install/paquete_turtle/lib/paquete_turtle
[2.318s] writing list of installed files to '/home/vulf/Desktop/pruebas/GrupoRobotica/Practica1/build/paquete_turtle/install.log'
[2.461s] Invoked command in '/home/vulf/Desktop/pruebas/GrupoRobotica/Practica1/src/paquete_turtle' returned '0': PYTHONPATH=/home/vulf/Desktop/pruebas/GrupoRobotica/Practica1/install/paquete_turtle/lib/python3.10/site-packages:${PYTHONPATH} /usr/bin/python3 setup.py egg_info --egg-base ../../build/paquete_turtle build --build-base /home/vulf/Desktop/pruebas/GrupoRobotica/Practica1/build/paquete_turtle/build install --prefix /home/vulf/Desktop/pruebas/GrupoRobotica/Practica1/install/paquete_turtle --record /home/vulf/Desktop/pruebas/GrupoRobotica/Practica1/build/paquete_turtle/install.log --single-version-externally-managed
